<?xml version="1.0" encoding="UTF-8"?>
<!-- Generated by org.testng.reporters.JUnitReportReporter -->
<testsuite hostname="Admin-PC" failures="0" tests="1" name="practiceTestNG.AnnotationsTest" time="0.011" errors="0" timestamp="2022-06-14T11:42:13 IST" skipped="0">
  <testcase classname="practiceTestNG.AnnotationsTest" name="test" time="0.011"/>
  <system-out/>
</testsuite> <!-- practiceTestNG.AnnotationsTest -->
