<?xml version="1.0" encoding="UTF-8"?>
<!-- Generated by org.testng.reporters.JUnitReportReporter -->
<testsuite hostname="Admin-PC" failures="0" tests="1" name="com.crm.vtiger.testcases.TestNg.CreateContactTestNGTest" time="24.775" errors="0" timestamp="2022-06-20T16:19:01 IST" skipped="0">
  <testcase classname="com.crm.vtiger.testcases.TestNg.CreateContactTestNGTest" name="createContactTest" time="24.775"/>
  <system-out/>
</testsuite> <!-- com.crm.vtiger.testcases.TestNg.CreateContactTestNGTest -->
