<?xml version="1.0" encoding="UTF-8"?>
<!-- Generated by org.testng.reporters.JUnitReportReporter -->
<testsuite hostname="Admin-PC" failures="0" tests="3" name="practiceTestNG.DataProviderTest1" time="0.016" errors="0" timestamp="2022-06-14T12:15:22 IST" skipped="0">
  <testcase classname="practiceTestNG.DataProviderTest1" name="bookTicket" time="0.010"/>
  <system-out/>
  <testcase classname="practiceTestNG.DataProviderTest1" name="bookTicket" time="0.003"/>
  <system-out/>
  <testcase classname="practiceTestNG.DataProviderTest1" name="bookTicket" time="0.003"/>
  <system-out/>
</testsuite> <!-- practiceTestNG.DataProviderTest1 -->
