<?xml version="1.0" encoding="UTF-8"?>
<!-- Generated by org.testng.reporters.JUnitReportReporter -->
<testsuite hostname="Admin-PC" failures="0" tests="1" name="com.crm.selenium_grid.ConnectingToVirtualMachineTest" time="68.255" errors="0" timestamp="07 Jun 2022 09:08:25 GMT" skipped="0">
  <testcase classname="com.crm.selenium_grid.ConnectingToVirtualMachineTest" name="gridPractice" time="68.255"/>
</testsuite> <!-- com.crm.selenium_grid.ConnectingToVirtualMachineTest -->
