<?xml version="1.0" encoding="UTF-8"?>
<!-- Generated by org.testng.reporters.JUnitReportReporter -->
<testsuite hostname="Admin-PC" failures="0" tests="3" name="practiceTestNG.dataProviderTest2" time="0.015" errors="0" timestamp="2022-06-14T12:43:49 IST" skipped="0">
  <testcase classname="practiceTestNG.dataProviderTest2" name="bookTicketsTest" time="0.003"/>
  <system-out>
    <![CDATA[from Sharjato Muscatseatnumber15A]]>
  </system-out>
  <testcase classname="practiceTestNG.dataProviderTest2" name="bookTicketsTest" time="0.011"/>
  <system-out>
    <![CDATA[from Bangaloreto Dubaiseatnumber3A]]>
  </system-out>
  <testcase classname="practiceTestNG.dataProviderTest2" name="bookTicketsTest" time="0.001"/>
  <system-out>
    <![CDATA[from Dubaito Sharjaseatnumber24C]]>
  </system-out>
</testsuite> <!-- practiceTestNG.dataProviderTest2 -->
