<?xml version="1.0" encoding="UTF-8"?>
<!-- Generated by org.testng.reporters.JUnitReportReporter -->
<testsuite hostname="Admin-PC" failures="0" tests="1" name="com.crm.vtiger.testcases.TestNg.CreateCampaignAddProductVerifyUsingTestNGTest" time="30.005" errors="0" timestamp="2022-06-20T16:16:39 IST" skipped="0">
  <testcase classname="com.crm.vtiger.testcases.TestNg.CreateCampaignAddProductVerifyUsingTestNGTest" name="CreateCampaignAddProductVerifyTest" time="30.005"/>
  <system-out/>
</testsuite> <!-- com.crm.vtiger.testcases.TestNg.CreateCampaignAddProductVerifyUsingTestNGTest -->
