<?xml version="1.0" encoding="UTF-8"?>
<!-- Generated by org.testng.reporters.JUnitReportReporter -->
<testsuite hostname="Admin-PC" failures="0" tests="1" name="com.crm.vtiger.testcases.TestNg.CreateNewProductTestNGTest" time="39.968" errors="0" timestamp="2022-06-14T17:42:50 IST" skipped="0">
  <testcase classname="com.crm.vtiger.testcases.TestNg.CreateNewProductTestNGTest" name="CreateNewProductTest" time="39.968"/>
  <system-out/>
</testsuite> <!-- com.crm.vtiger.testcases.TestNg.CreateNewProductTestNGTest -->
