<?xml version="1.0" encoding="UTF-8"?>
<!-- Generated by org.testng.reporters.JUnitReportReporter -->
<testsuite hostname="Admin-PC" failures="0" tests="1" name="com.crm.vtiger.testcases.TestNg.CreateOrganizationTestNGTest" time="22.502" errors="0" timestamp="2022-06-20T16:43:47 IST" skipped="0">
  <testcase classname="com.crm.vtiger.testcases.TestNg.CreateOrganizationTestNGTest" name="createOrganizationTest" time="22.502"/>
  <system-out/>
</testsuite> <!-- com.crm.vtiger.testcases.TestNg.CreateOrganizationTestNGTest -->
